2023-06-18 15:13:32.536+0000 WARN  [o.n.k.i.JvmChecker] The max heap memory has not been configured. It is recommended that it is always explicitly configured, to ensure the system has a balanced configuration. Until then, a JVM computed heuristic of 1031798784 bytes is used instead. If you are running neo4j server, you need to configure server.memory.heap.max_size in neo4j.conf. If you are running neo4j embedded, you have to launch the JVM with -Xmx set to a value. You can run neo4j-admin server memory-recommendation for memory configuration suggestions.
2023-06-18 15:13:32.538+0000 WARN  [o.n.k.i.JvmChecker] The initial heap memory has not been configured. It is recommended that it is always explicitly configured, to ensure the system has a balanced configuration. Until then, a JVM computed heuristic of 65011712 bytes is used instead. If you are running neo4j server, you need to configure server.memory.heap.initial_size in neo4j.conf. If you are running neo4j embedded, you have to launch the JVM with -Xms set to a value. You can run neo4j-admin server memory-recommendation for memory configuration suggestions.
2023-06-18 15:13:32.557+0000 WARN  [o.n.i.p.PageCache] Reflection access to java.nio.DirectByteBuffer is not available, using fallback mode. This could have negative impact on performance and memory usage. Consider adding --add-opens=java.base/java.nio=ALL-UNNAMED to VM options.
2023-06-18 15:13:32.750+0000 INFO  [o.n.i.d.DiagnosticsManager] 
                                                                ********************************************************************************
                                                                                             [ System diagnostics ]                             
                                                                ********************************************************************************
                                                                --------------------------------------------------------------------------------
                                                                                         [ System memory information ]                          
                                                                --------------------------------------------------------------------------------
                                                                Total Physical memory: 3.840GiB
                                                                Free Physical memory: 932.8MiB
                                                                Committed virtual memory: 4.002GiB
                                                                Total swap space: 1024MiB
                                                                Free swap space: 594.0MiB
                                                                
                                                                --------------------------------------------------------------------------------
                                                                                           [ JVM memory information ]                           
                                                                --------------------------------------------------------------------------------
                                                                Free  memory: 24.24MiB
                                                                Total memory: 97.00MiB
                                                                Max   memory: 984.0MiB
                                                                Garbage Collector: G1 Young Generation: [G1 Eden Space, G1 Survivor Space, G1 Old Gen]
                                                                Garbage Collector: G1 Old Generation: [G1 Eden Space, G1 Survivor Space, G1 Old Gen]
                                                                Memory Pool: CodeHeap 'non-nmethods' (Non-heap memory): committed=2.438MiB, used=1.205MiB, max=5.566MiB, threshold=0B
                                                                Memory Pool: Metaspace (Non-heap memory): committed=20.56MiB, used=20.31MiB, max=-1B, threshold=0B
                                                                Memory Pool: CodeHeap 'profiled nmethods' (Non-heap memory): committed=4.625MiB, used=4.576MiB, max=117.2MiB, threshold=0B
                                                                Memory Pool: Compressed Class Space (Non-heap memory): committed=2.375MiB, used=2.230MiB, max=1.000GiB, threshold=0B
                                                                Memory Pool: G1 Eden Space (Heap memory): committed=48.00MiB, used=40.00MiB, max=-1B, threshold=?
                                                                Memory Pool: G1 Old Gen (Heap memory): committed=45.00MiB, used=28.25MiB, max=984.0MiB, threshold=0B
                                                                Memory Pool: G1 Survivor Space (Heap memory): committed=4.000MiB, used=4.000MiB, max=-1B, threshold=?
                                                                Memory Pool: CodeHeap 'non-profiled nmethods' (Non-heap memory): committed=2.438MiB, used=1.129MiB, max=117.2MiB, threshold=0B
                                                                
                                                                --------------------------------------------------------------------------------
                                                                                        [ Operating system information ]                        
                                                                --------------------------------------------------------------------------------
                                                                Operating System: Linux; version: 5.15.49-linuxkit; arch: aarch64; cpus: 4
                                                                Max number of file descriptors: 1048576
                                                                Number of open file descriptors: 193
                                                                Process id: 7
                                                                Byte order: LITTLE_ENDIAN
                                                                Local timezone: Etc/UTC
                                                                
                                                                --------------------------------------------------------------------------------
                                                                                              [ JVM information ]                               
                                                                --------------------------------------------------------------------------------
                                                                VM Name: OpenJDK 64-Bit Server VM
                                                                VM Vendor: Eclipse Adoptium
                                                                VM Version: 17.0.6+10
                                                                JIT compiler: HotSpot 64-Bit Tiered Compilers
                                                                VM Arguments: [-Dfile.encoding=UTF-8]
                                                                
                                                                --------------------------------------------------------------------------------
                                                                                               [ Java classpath ]                               
                                                                --------------------------------------------------------------------------------
                                                                 [classpath] /var/lib/neo4j/lib/neo4j-procedure-api-5.3.0.jar
                                                                 [classpath] /var/lib/neo4j/lib/jetty-io-9.4.49.v20220914.jar
                                                                 [classpath] /var/lib/neo4j/lib/cypher-literal-interpreter-5.3.0.jar
                                                                 [classpath] /var/lib/neo4j/lib/commons-math3-3.6.1.jar
                                                                 [classpath] /var/lib/neo4j/lib/jakarta.activation-api-1.2.1.jar
                                                                 [classpath] /var/lib/neo4j/lib/neo4j-buffers-5.3.0.jar
                                                                 [classpath] /var/lib/neo4j/lib/jPowerShell-3.0.jar
                                                                 [classpath] /var/lib/neo4j/lib/neo4j-cypher-ast-factory-5.3.0.jar
                                                                 [classpath] /var/lib/neo4j/lib/jetty-servlet-9.4.49.v20220914.jar
                                                                 [classpath] /var/lib/neo4j/lib/neo4j-util-5.3.0.jar
                                                                 [classpath] /var/lib/neo4j/lib/mercator_2.13-0.2.1.jar
                                                                 [classpath] /var/lib/neo4j/lib/neo4j-graph-algo-5.3.0.jar
                                                                 [classpath] /var/lib/neo4j/lib/reactive-streams-1.0.4.jar
                                                                 [classpath] /var/lib/neo4j/lib/jaxb-runtime-2.3.2.jar
                                                                 [classpath] /var/lib/neo4j/lib/javassist-3.25.0-GA.jar
                                                                 [classpath] /var/lib/neo4j/lib/neo4j-layout-5.3.0.jar
                                                                 [classpath] /var/lib/neo4j/lib/commons-compress-1.22.jar
                                                                 [classpath] /var/lib/neo4j/lib/jersey-container-servlet-2.34.jar
                                                                 [classpath] /var/lib/neo4j/lib/neo4j-graphdb-api-5.3.0.jar
                                                                 [classpath] /var/lib/neo4j/lib/neo4j-id-generator-5.3.0.jar
                                                                 [classpath] /var/lib/neo4j/lib/neo4j-security-5.3.0.jar
                                                                 [classpath] /var/lib/neo4j/lib/neo4j-rewriting-5.3.0.jar
                                                                 [classpath] /var/lib/neo4j/lib/neo4j-cypher-cache-5.3.0.jar
                                                                 [classpath] /var/lib/neo4j/lib/neo4j-ast-5.3.0.jar
                                                                 [classpath] /var/lib/neo4j/lib/neo4j-cypher-javacc-parser-5.3.0.jar
                                                                 [classpath] /var/lib/neo4j/lib/neo4j-cypher-macros-5.3.0.jar
                                                                 [classpath] /var/lib/neo4j/lib/neo4j-storage-engine-util-5.3.0.jar
                                                                 [classpath] /var/lib/neo4j/lib/log4j-layout-template-json-2.19.0.jar
                                                                 [classpath] /var/lib/neo4j/lib/shiro-core-1.10.0.jar
                                                                 [classpath] /var/lib/neo4j/lib/shiro-config-ogdl-1.10.0.jar
                                                                 [classpath] /var/lib/neo4j/lib/neo4j-server-5.3.0.jar
                                                                 [classpath] /var/lib/neo4j/lib/reactor-core-3.4.24.jar
                                                                 [classpath] /var/lib/neo4j/conf/*
                                                                 [classpath] /var/lib/neo4j/lib/netty-common-4.1.84.Final.jar
                                                                 [classpath] /var/lib/neo4j/lib/jackson-annotations-2.14.0.jar
                                                                 [classpath] /var/lib/neo4j/lib/WMI4Java-1.6.3.jar
                                                                 [classpath] /var/lib/neo4j/lib/neo4j-dbms-5.3.0.jar
                                                                 [classpath] /var/lib/neo4j/lib/jackson-jaxrs-json-provider-2.14.0.jar
                                                                 [classpath] /var/lib/neo4j/lib/neo4j-fabric-5.3.0.jar
                                                                 [classpath] /var/lib/neo4j/lib/jProcesses-1.6.5.jar
                                                                 [classpath] /var/lib/neo4j/lib/ipaddress-5.3.4.jar
                                                                 [classpath] /var/lib/neo4j/lib/neo4j-configuration-5.3.0.jar
                                                                 [classpath] /var/lib/neo4j/lib/caffeine-3.1.1.jar
                                                                 [classpath] /var/lib/neo4j/lib/commons-collections-3.2.2.jar
                                                                 [classpath] /var/lib/neo4j/lib/hk2-locator-2.6.1.jar
                                                                 [classpath] /var/lib/neo4j/lib/neo4j-diagnostics-5.3.0.jar
                                                                 [classpath] /var/lib/neo4j/lib/cypher-ast-factory-5.3.0.jar
                                                                 [classpath] /var/lib/neo4j/lib/jersey-common-2.34.jar
                                                                 [classpath] /var/lib/neo4j/lib/neo4j-import-util-5.3.0.jar
                                                                 [classpath] /var/lib/neo4j/lib/neo4j-exceptions-5.3.0.jar
                                                                 [classpath] /var/lib/neo4j/lib/zstd-jni-1.5.2-5.jar
                                                                 [classpath] /var/lib/neo4j/lib/commons-configuration2-2.8.0.jar
                                                                 [classpath] /var/lib/neo4j/lib/eclipse-collections-api-11.1.0.jar
                                                                 [classpath] /var/lib/neo4j/lib/neo4j-spatial-index-5.3.0.jar
                                                                 [classpath] /var/lib/neo4j/lib/jersey-container-servlet-core-2.34.jar
                                                                 [classpath] /var/lib/neo4j/lib/shiro-crypto-hash-1.10.0.jar
                                                                 [classpath] /var/lib/neo4j/lib/javax.ws.rs-api-2.1.1.jar
                                                                 [classpath] /var/lib/neo4j/lib/neo4j-concurrent-5.3.0.jar
                                                                 [classpath] /var/lib/neo4j/lib/jansi-2.4.0.jar
                                                                 [classpath] /var/lib/neo4j/lib/commons-text-1.10.0.jar
                                                                 [classpath] /var/lib/neo4j/lib/lucene-queryparser-9.4.1.jar
                                                                 [classpath] /var/lib/neo4j/lib/neo4j-cypher-planner-spi-5.3.0.jar
                                                                 [classpath] /var/lib/neo4j/lib/jackson-jaxrs-base-2.14.0.jar
                                                                 [classpath] /var/lib/neo4j/lib/neo4j-cypher-expression-evaluator-5.3.0.jar
                                                                 [classpath] /var/lib/neo4j/lib/scala-reflect-2.13.10.jar
                                                                 [classpath] /var/lib/neo4j/lib/netty-codec-http-4.1.84.Final.jar
                                                                 [classpath] /var/lib/neo4j/lib/jline-terminal-3.21.0.jar
                                                                 [classpath] /var/lib/neo4j/lib/neo4j-index-5.3.0.jar
                                                                 [classpath] /var/lib/neo4j/lib/shiro-crypto-core-1.10.0.jar
                                                                 [classpath] /var/lib/neo4j/lib/lz4-java-1.8.0.jar
                                                                 [classpath] /var/lib/neo4j/lib/neo4j-cypher-runtime-util-5.3.0.jar
                                                                 [classpath] /var/lib/neo4j/lib/neo4j-native-5.3.0.jar
                                                                 [classpath] /var/lib/neo4j/lib/log4j-api-2.19.0.jar
                                                                 [classpath] /var/lib/neo4j/lib/neo4j-import-tool-5.3.0.jar
                                                                 [classpath] /var/lib/neo4j/lib/neo4j-unsafe-5.3.0.jar
                                                                 [classpath] /var/lib/neo4j/lib/neo4j-token-api-5.3.0.jar
                                                                 [classpath] /var/lib/neo4j/lib/annotations-5.3.0.jar
                                                                 [classpath] /var/lib/neo4j/lib/jakarta.ws.rs-api-2.1.6.jar
                                                                 [classpath] /var/lib/neo4j/lib/neo4j-procedure-5.3.0.jar
                                                                 [classpath] /var/lib/neo4j/lib/neo4j-cypher-logical-plans-5.3.0.jar
                                                                 [classpath] /var/lib/neo4j/lib/netty-resolver-4.1.84.Final.jar
                                                                 [classpath] /var/lib/neo4j/lib/neo4j-lock-5.3.0.jar
                                                                 [classpath] /var/lib/neo4j/lib/jline-terminal-jansi-3.21.0.jar
                                                                 [classpath] /var/lib/neo4j/lib/hk2-api-2.6.1.jar
                                                                 [classpath] /var/lib/neo4j/lib/slf4j-nop-2.0.3.jar
                                                                 [classpath] /var/lib/neo4j/lib/jackson-core-2.14.0.jar
                                                                 [classpath] /var/lib/neo4j/lib/neo4j-command-line-5.3.0.jar
                                                                 [classpath] /var/lib/neo4j/lib/istack-commons-runtime-3.0.8.jar
                                                                 [classpath] /var/lib/neo4j/lib/eclipse-collections-11.1.0.jar
                                                                 [classpath] /var/lib/neo4j/lib/neo4j-cypher-interpreted-runtime-5.3.0.jar
                                                                 [classpath] /var/lib/neo4j/lib/commons-io-2.11.0.jar
                                                                 [classpath] /var/lib/neo4j/lib/neo4j-monitoring-5.3.0.jar
                                                                 [classpath] /var/lib/neo4j/lib/neo4j-record-storage-engine-5.3.0.jar
                                                                 [classpath] /var/lib/neo4j/lib/shiro-lang-1.10.0.jar
                                                                 [classpath] /var/lib/neo4j/lib/shiro-event-1.10.0.jar
                                                                 [classpath] /var/lib/neo4j/lib/neo4j-csv-5.3.0.jar
                                                                 [classpath] /var/lib/neo4j/lib/jackson-databind-2.14.0.jar
                                                                 [classpath] /var/lib/neo4j/lib/neo4j-data-collector-5.3.0.jar
                                                                 [classpath] /var/lib/neo4j/lib/shiro-crypto-cipher-1.10.0.jar
                                                                 [classpath] /var/lib/neo4j/lib/neo4j-bootcheck-5.3.0.jar
                                                                 [classpath] /var/lib/neo4j/lib/jetty-xml-9.4.49.v20220914.jar
                                                                 [classpath] /var/lib/neo4j/lib/netty-codec-4.1.84.Final.jar
                                                                 [classpath] /var/lib/neo4j/lib/neo4j-fulltext-index-5.3.0.jar
                                                                 [classpath] /var/lib/neo4j/lib/netty-transport-4.1.84.Final.jar
                                                                 [classpath] /var/lib/neo4j/lib/neo4j-values-5.3.0.jar
                                                                 [classpath] /var/lib/neo4j/lib/jakarta.validation-api-2.0.2.jar
                                                                 [classpath] /var/lib/neo4j/lib/kiama_2.13-2.5.0.jar
                                                                 [classpath] /var/lib/neo4j/lib/neo4j-io-5.3.0.jar
                                                                 [classpath] /var/lib/neo4j/lib/magnolia_2.13-0.17.0.jar
                                                                 [classpath] /var/lib/neo4j/lib/zstd-proxy-5.3.0.jar
                                                                 [classpath] /var/lib/neo4j/lib/netty-transport-native-epoll-4.1.84.Final-linux-aarch_64.jar
                                                                 [classpath] /var/lib/neo4j/lib/jctools-core-4.0.1.jar
                                                                 [classpath] /var/lib/neo4j/lib/jna-5.12.1.jar
                                                                 [classpath] /var/lib/neo4j/lib/neo4j-cypher-slotted-runtime-5.3.0.jar
                                                                 [classpath] /var/lib/neo4j/lib/jakarta.inject-2.6.1.jar
                                                                 [classpath] /var/lib/neo4j/lib/netty-transport-native-kqueue-4.1.84.Final-osx-aarch_64.jar
                                                                 [classpath] /var/lib/neo4j/lib/neo4j-cypher-physical-planning-5.3.0.jar
                                                                 [classpath] /var/lib/neo4j/lib/jetty-security-9.4.49.v20220914.jar
                                                                 [classpath] /var/lib/neo4j/lib/hk2-utils-2.6.1.jar
                                                                 [classpath] /var/lib/neo4j/lib/lucene-core-9.4.1.jar
                                                                 [classpath] /var/lib/neo4j/lib/netty-transport-native-epoll-4.1.84.Final-linux-x86_64.jar
                                                                 [classpath] /var/lib/neo4j/lib/jackson-module-jaxb-annotations-2.14.0.jar
                                                                 [classpath] /var/lib/neo4j/lib/stax-ex-1.8.1.jar
                                                                 [classpath] /var/lib/neo4j/lib/neo4j-cypher-ir-5.3.0.jar
                                                                 [classpath] /var/lib/neo4j/lib/lucene-analysis-common-9.4.1.jar
                                                                 [classpath] /var/lib/neo4j/lib/neo4j-wal-5.3.0.jar
                                                                 [classpath] /var/lib/neo4j/lib/txw2-2.3.2.jar
                                                                 [classpath] /var/lib/neo4j/lib/neo4j-browser-5.0.0.jar
                                                                 [classpath] /var/lib/neo4j/lib/neo4j-push-to-cloud-5.3.0.jar
                                                                 [classpath] /var/lib/neo4j/lib/jline-reader-3.21.0.jar
                                                                 [classpath] /var/lib/neo4j/lib/neo4j-common-5.3.0.jar
                                                                 [classpath] /var/lib/neo4j/lib/FastInfoset-1.2.16.jar
                                                                 [classpath] /var/lib/neo4j/lib/neo4j-kernel-api-5.3.0.jar
                                                                 [classpath] /var/lib/neo4j/lib/slf4j-api-2.0.3.jar
                                                                 [classpath] /var/lib/neo4j/lib/jetty-server-9.4.49.v20220914.jar
                                                                 [classpath] /var/lib/neo4j/lib/neo4j-kernel-5.3.0.jar
                                                                 [classpath] /var/lib/neo4j/lib/argparse4j-0.9.0.jar
                                                                 [classpath] /var/lib/neo4j/lib/commons-logging-1.2.jar
                                                                 [classpath] /var/lib/neo4j/lib/server-api-5.3.0.jar
                                                                 [classpath] /var/lib/neo4j/lib/neo4j-front-end-5.3.0.jar
                                                                 [classpath] /var/lib/neo4j/lib/neo4j-cypher-5.3.0.jar
                                                                 [classpath] /var/lib/neo4j/lib/neo4j-5.3.0.jar
                                                                 [classpath] /var/lib/neo4j/lib/scala-library-2.13.10.jar
                                                                 [classpath] /var/lib/neo4j/lib/cypher-shell-5.3.0.jar
                                                                 [classpath] /var/lib/neo4j/lib/neo4j-logging-5.3.0.jar
                                                                 [classpath] /var/lib/neo4j/lib/neo4j-cypher-planner-5.3.0.jar
                                                                 [classpath] /var/lib/neo4j/lib/neo4j-resource-5.3.0.jar
                                                                 [classpath] /var/lib/neo4j/lib/neo4j-consistency-check-5.3.0.jar
                                                                 [classpath] /var/lib/neo4j/lib/netty-buffer-4.1.84.Final.jar
                                                                 [classpath] /var/lib/neo4j/lib/neo4j-cypher-config-5.3.0.jar
                                                                 [classpath] /var/lib/neo4j/lib/netty-transport-classes-epoll-4.1.84.Final.jar
                                                                 [classpath] /var/lib/neo4j/lib/neo4j-java-driver-5.2.0.jar
                                                                 [classpath] /var/lib/neo4j/lib/jettison-1.5.1.jar
                                                                 [classpath] /var/lib/neo4j/lib/jetty-util-9.4.49.v20220914.jar
                                                                 [classpath] /var/lib/neo4j/lib/neo4j-codegen-5.3.0.jar
                                                                 [classpath] /var/lib/neo4j/lib/jakarta.annotation-api-1.3.5.jar
                                                                 [classpath] /var/lib/neo4j/lib/shiro-config-core-1.10.0.jar
                                                                 [classpath] /var/lib/neo4j/lib/jaxb-api-2.3.0.jar
                                                                 [classpath] /var/lib/neo4j/lib/netty-transport-native-unix-common-4.1.84.Final.jar
                                                                 [classpath] /var/lib/neo4j/lib/neo4j-ssl-5.3.0.jar
                                                                 [classpath] /var/lib/neo4j/lib/jetty-webapp-9.4.49.v20220914.jar
                                                                 [classpath] /var/lib/neo4j/lib/neo4j-bolt-5.3.0.jar
                                                                 [classpath] /var/lib/neo4j/lib/log4j-core-2.19.0.jar
                                                                 [classpath] /var/lib/neo4j/lib/netty-transport-classes-kqueue-4.1.84.Final.jar
                                                                 [classpath] /var/lib/neo4j/lib/commons-lang3-3.12.0.jar
                                                                 [classpath] /var/lib/neo4j/lib/jetty-http-9.4.49.v20220914.jar
                                                                 [classpath] /var/lib/neo4j/lib/netty-tcnative-classes-2.0.54.Final.jar
                                                                 [classpath] /var/lib/neo4j/lib/neo4j-schema-5.3.0.jar
                                                                 [classpath] /var/lib/neo4j/lib/picocli-4.6.3.jar
                                                                 [classpath] /var/lib/neo4j/lib/shiro-cache-1.10.0.jar
                                                                 [classpath] /var/lib/neo4j/lib/javax.servlet-api-3.1.0.jar
                                                                 [classpath] /var/lib/neo4j/lib/netty-handler-4.1.84.Final.jar
                                                                 [classpath] /var/lib/neo4j/lib/jersey-server-2.34.jar
                                                                 [classpath] /var/lib/neo4j/lib/commons-beanutils-1.9.4.jar
                                                                 [classpath] /var/lib/neo4j/lib/neo4j-lucene-index-5.3.0.jar
                                                                 [classpath] /var/lib/neo4j/lib/lucene-backward-codecs-9.4.1.jar
                                                                 [classpath] /var/lib/neo4j/lib/jersey-client-2.34.jar
                                                                 [classpath] /var/lib/neo4j/lib/netty-transport-native-kqueue-4.1.84.Final-osx-x86_64.jar
                                                                 [classpath] /var/lib/neo4j/lib/neo4j-expressions-5.3.0.jar
                                                                 [classpath] /var/lib/neo4j/lib/neo4j-capabilities-5.3.0.jar
                                                                 [classpath] /var/lib/neo4j/lib/neo4j-collections-5.3.0.jar
                                                                 [classpath] /var/lib/neo4j/lib/jersey-hk2-2.34.jar
                                                                
                                                                --------------------------------------------------------------------------------
                                                                                                [ Library path ]                                
                                                                --------------------------------------------------------------------------------
                                                                /usr/java/packages/lib
                                                                /usr/lib64
                                                                /lib64
                                                                /lib
                                                                /usr/lib
                                                                
                                                                --------------------------------------------------------------------------------
                                                                                             [ System properties ]                              
                                                                --------------------------------------------------------------------------------
                                                                sun.jnu.encoding = ANSI_X3.4-1968
                                                                sun.arch.data.model = 64
                                                                user.timezone = Etc/UTC
                                                                sun.java.launcher = SUN_STANDARD
                                                                user.country = US
                                                                sun.boot.library.path = /opt/java/openjdk/lib
                                                                sun.java.command = org.neo4j.server.CommunityEntryPoint --home-dir=/var/lib/neo4j --config-dir=/var/lib/neo4j/conf --console-mode
                                                                jdk.debug = release
                                                                sun.cpu.endian = little
                                                                user.home = /var/lib/neo4j
                                                                user.language = en
                                                                file.separator = /
                                                                sun.management.compiler = HotSpot 64-Bit Tiered Compilers
                                                                user.name = neo4j
                                                                path.separator = :
                                                                file.encoding = UTF-8
                                                                jnidispatch.path = /var/lib/neo4j/.cache/JNA/temp/jna7589824115530320871.tmp
                                                                jna.loaded = true
                                                                user.dir = /var/lib/neo4j
                                                                native.encoding = ANSI_X3.4-1968
                                                                sun.io.unicode.encoding = UnicodeLittle
                                                                
                                                                --------------------------------------------------------------------------------
                                                                                      [ (IANA) TimeZone database version ]                      
                                                                --------------------------------------------------------------------------------
                                                                  TimeZone version: 2022g (available for 603 zone identifiers)
                                                                
                                                                --------------------------------------------------------------------------------
                                                                                            [ Network information ]                             
                                                                --------------------------------------------------------------------------------
                                                                Interface eth0:
                                                                    address: 172.20.0.2
                                                                Interface lo:
                                                                    address: 127.0.0.1
                                                                
                                                                --------------------------------------------------------------------------------
                                                                                         [ Native access information ]                          
                                                                --------------------------------------------------------------------------------
                                                                Native access details: Linux native access is available.
                                                                
                                                                --------------------------------------------------------------------------------
                                                                                                [ DBMS config ]                                 
                                                                --------------------------------------------------------------------------------
                                                                DBMS provided settings:
                                                                db.tx_log.rotation.retention_policy=100M size
                                                                server.default_listen_address=0.0.0.0
                                                                server.directories.logs=/logs
                                                                server.directories.neo4j_home=/var/lib/neo4j
                                                                server.directories.plugins=/plugins
                                                                server.memory.pagecache.size=512.00MiB
                                                                Directories in use:
                                                                server.directories.data=/var/lib/neo4j/data
                                                                server.directories.dumps.root=/var/lib/neo4j/data/dumps
                                                                server.directories.import=/var/lib/neo4j
                                                                server.directories.lib=/var/lib/neo4j/lib
                                                                server.directories.licenses=/var/lib/neo4j/licenses
                                                                server.directories.logs=/logs
                                                                server.directories.neo4j_home=/var/lib/neo4j
                                                                server.directories.plugins=/plugins
                                                                server.directories.run=/var/lib/neo4j/run
                                                                server.directories.script.root=/var/lib/neo4j/data/scripts
                                                                server.directories.transaction.logs.root=/var/lib/neo4j/data/transactions
                                                                
2023-06-18 15:13:32.801+0000 INFO  [o.n.d.i.DefaultIdentityModule] Generated new ServerId: ServerId{f5170461} (f5170461-9045-4f4f-87ec-dcc225cd0eea)
2023-06-18 15:13:32.804+0000 INFO  [o.n.d.i.DefaultIdentityModule] This instance is ServerId{f5170461} (f5170461-9045-4f4f-87ec-dcc225cd0eea)
2023-06-18 15:13:33.657+0000 INFO  [o.n.s.CommunityNeoWebServer] ======== Neo4j 5.3.0 ========
2023-06-18 15:13:33.681+0000 INFO  [o.n.d.d.DatabaseLifecycles] Creating 'DatabaseId{00000000[system]}'.
2023-06-18 15:13:33.791+0000 INFO  [o.n.b.BoltServer] Using connector transport epoll
2023-06-18 15:13:33.836+0000 INFO  [o.n.b.BoltServer] Configured external Bolt connector with listener address /0.0.0.0:7687
2023-06-18 15:13:33.837+0000 INFO  [o.n.b.BoltServer] Bolt server loaded
2023-06-18 15:13:33.882+0000 INFO  [o.n.d.d.DatabaseLifecycles] Starting 'DatabaseId{00000000[system]}'.
2023-06-18 15:13:34.688+0000 INFO  [o.n.i.d.DiagnosticsManager] [system/00000000] 
                                                                [system/00000000] ********************************************************************************
                                                                [system/00000000]                               [ Database: system ]                              
                                                                [system/00000000] ********************************************************************************
                                                                [system/00000000] --------------------------------------------------------------------------------
                                                                [system/00000000]                                   [ Version ]                                   
                                                                [system/00000000] --------------------------------------------------------------------------------
                                                                [system/00000000] DBMS: community record-aligned-1.1
                                                                [system/00000000] Kernel version: 5.3.0
                                                                [system/00000000] 
                                                                [system/00000000] --------------------------------------------------------------------------------
                                                                [system/00000000]                                 [ Store files ]                                 
                                                                [system/00000000] --------------------------------------------------------------------------------
                                                                [system/00000000] Disk space on partition (Total / Free / Free %): 245107195904 / 14084767744 / 5
                                                                [system/00000000] Storage files stored on file store: fuse.grpcfuse
                                                                [system/00000000] Storage files: (filename : modification date - size)
                                                                [system/00000000]   neostore: 2023-06-18 15:13:34.495+0000 - 8.000KiB
                                                                [system/00000000]   neostore.counts.db: 2023-06-18 15:13:34.520+0000 - 0B
                                                                [system/00000000]   neostore.indexstats.db: 2023-06-18 15:13:34.545+0000 - 0B
                                                                [system/00000000]   neostore.labeltokenstore.db: 2023-06-18 15:13:34.444+0000 - 0B
                                                                [system/00000000]   neostore.labeltokenstore.db.id: 2023-06-18 15:13:34.441+0000 - 0B
                                                                [system/00000000]   neostore.labeltokenstore.db.names: 2023-06-18 15:13:34.433+0000 - 8.000KiB
                                                                [system/00000000]   neostore.labeltokenstore.db.names.id: 2023-06-18 15:13:34.423+0000 - 0B
                                                                [system/00000000]   neostore.nodestore.db: 2023-06-18 15:13:34.276+0000 - 0B
                                                                [system/00000000]   neostore.nodestore.db.id: 2023-06-18 15:13:34.272+0000 - 0B
                                                                [system/00000000]   neostore.nodestore.db.labels: 2023-06-18 15:13:34.254+0000 - 8.000KiB
                                                                [system/00000000]   neostore.nodestore.db.labels.id: 2023-06-18 15:13:34.228+0000 - 0B
                                                                [system/00000000]   neostore.propertystore.db: 2023-06-18 15:13:34.378+0000 - 0B
                                                                [system/00000000]   neostore.propertystore.db.arrays: 2023-06-18 15:13:34.361+0000 - 8.000KiB
                                                                [system/00000000]   neostore.propertystore.db.arrays.id: 2023-06-18 15:13:34.354+0000 - 0B
                                                                [system/00000000]   neostore.propertystore.db.id: 2023-06-18 15:13:34.371+0000 - 0B
                                                                [system/00000000]   neostore.propertystore.db.index: 2023-06-18 15:13:34.321+0000 - 0B
                                                                [system/00000000]   neostore.propertystore.db.index.id: 2023-06-18 15:13:34.318+0000 - 0B
                                                                [system/00000000]   neostore.propertystore.db.index.keys: 2023-06-18 15:13:34.300+0000 - 8.000KiB
                                                                [system/00000000]   neostore.propertystore.db.index.keys.id: 2023-06-18 15:13:34.287+0000 - 0B
                                                                [system/00000000]   neostore.propertystore.db.strings: 2023-06-18 15:13:34.340+0000 - 8.000KiB
                                                                [system/00000000]   neostore.propertystore.db.strings.id: 2023-06-18 15:13:34.330+0000 - 0B
                                                                [system/00000000]   neostore.relationshipgroupstore.db: 2023-06-18 15:13:34.483+0000 - 8.000KiB
                                                                [system/00000000]   neostore.relationshipgroupstore.db.id: 2023-06-18 15:13:34.466+0000 - 0B
                                                                [system/00000000]   neostore.relationshipgroupstore.degrees.db: 2023-06-18 15:13:34.531+0000 - 0B
                                                                [system/00000000]   neostore.relationshipstore.db: 2023-06-18 15:13:34.391+0000 - 0B
                                                                [system/00000000]   neostore.relationshipstore.db.id: 2023-06-18 15:13:34.388+0000 - 0B
                                                                [system/00000000]   neostore.relationshiptypestore.db: 2023-06-18 15:13:34.417+0000 - 0B
                                                                [system/00000000]   neostore.relationshiptypestore.db.id: 2023-06-18 15:13:34.407+0000 - 0B
                                                                [system/00000000]   neostore.relationshiptypestore.db.names: 2023-06-18 15:13:34.402+0000 - 8.000KiB
                                                                [system/00000000]   neostore.relationshiptypestore.db.names.id: 2023-06-18 15:13:34.396+0000 - 0B
                                                                [system/00000000]   neostore.schemastore.db: 2023-06-18 15:13:34.460+0000 - 8.000KiB
                                                                [system/00000000]   neostore.schemastore.db.id: 2023-06-18 15:13:34.455+0000 - 0B
                                                                [system/00000000] Storage summary: 
                                                                [system/00000000]   Total size of store: 72.00KiB
                                                                [system/00000000]   Total size of mapped files: 72.00KiB
                                                                [system/00000000] 
                                                                [system/00000000] --------------------------------------------------------------------------------
                                                                [system/00000000]                               [ Transaction log ]                               
                                                                [system/00000000] --------------------------------------------------------------------------------
                                                                [system/00000000] Transaction log files stored on file store: fuse.grpcfuse
                                                                [system/00000000] Transaction log files:
                                                                [system/00000000]  - existing transaction log versions -1--1
                                                                [system/00000000]  - no transactions found
                                                                [system/00000000] Checkpoint log files:
                                                                [system/00000000]  - existing checkpoint log versions -1--1
                                                                [system/00000000]  - no checkpoints found
                                                                [system/00000000] 
                                                                [system/00000000] --------------------------------------------------------------------------------
                                                                [system/00000000]                                   [ Id usage ]                                  
                                                                [system/00000000] --------------------------------------------------------------------------------
                                                                [system/00000000] ArrayPropertyStore[neostore.nodestore.db.labels]: used=1 high=0
                                                                [system/00000000] NodeStore[neostore.nodestore.db]: used=0 high=-1
                                                                [system/00000000] StringPropertyStore[neostore.propertystore.db.index.keys]: used=1 high=0
                                                                [system/00000000] PropertyIndexStore[neostore.propertystore.db.index]: used=0 high=-1
                                                                [system/00000000] StringPropertyStore[neostore.propertystore.db.strings]: used=1 high=0
                                                                [system/00000000] ArrayPropertyStore[neostore.propertystore.db.arrays]: used=1 high=0
                                                                [system/00000000] PropertyStore[neostore.propertystore.db]: used=0 high=-1
                                                                [system/00000000] RelationshipStore[neostore.relationshipstore.db]: used=0 high=-1
                                                                [system/00000000] StringPropertyStore[neostore.relationshiptypestore.db.names]: used=1 high=0
                                                                [system/00000000] RelationshipTypeStore[neostore.relationshiptypestore.db]: used=0 high=-1
                                                                [system/00000000] StringPropertyStore[neostore.labeltokenstore.db.names]: used=1 high=0
                                                                [system/00000000] LabelTokenStore[neostore.labeltokenstore.db]: used=0 high=-1
                                                                [system/00000000] SchemaStore[neostore.schemastore.db]: used=1 high=0
                                                                [system/00000000] RelationshipGroupStore[neostore.relationshipgroupstore.db]: used=1 high=0
                                                                [system/00000000] NeoStore[neostore]: used=-1 high=-1
                                                                [system/00000000] 
                                                                [system/00000000] --------------------------------------------------------------------------------
                                                                [system/00000000]                                   [ Metadata ]                                  
                                                                [system/00000000] --------------------------------------------------------------------------------
                                                                [system/00000000] EXTERNAL_STORE_UUID (Database identifier exposed as external store identity. Generated on creation and never updated): 5c7f22b3-74cf-4642-8456-340667560f22
                                                                [system/00000000] DATABASE_ID (The last used DatabaseId for this database): null
                                                                [system/00000000] LEGACY_STORE_VERSION (Legacy store format version. This field is used from 5.0 onwards only to distinguish non-migrated pre 5.0 metadata stores.): -3523014627327384477
                                                                [system/00000000] STORE_ID (Store ID): StoreId{creationTime=1687101214494, random=3892899769713776231, storageEngineName='record', formatName='aligned', majorVersion=1, minorVersion=1}
                                                                [system/00000000] 
2023-06-18 15:13:34.727+0000 INFO  [o.n.k.a.DatabaseAvailabilityGuard] [system/00000000] Requirement `Database unavailable` makes database system unavailable.
2023-06-18 15:13:34.729+0000 INFO  [o.n.k.a.DatabaseAvailabilityGuard] [system/00000000] DatabaseId{00000000[system]} is unavailable.
2023-06-18 15:13:34.748+0000 WARN  [o.n.k.i.s.MetaDataStore] [system/00000000] Missing counts store, rebuilding it.
2023-06-18 15:13:34.756+0000 WARN  [o.n.k.i.s.MetaDataStore] [system/00000000] Counts store rebuild completed.
2023-06-18 15:13:34.776+0000 WARN  [o.n.k.i.t.l.f.LogFileChannelNativeAccessor] [system/00000000] Error on attempt to preallocate log file version: 0. Error: ErrorCode=-1, errorMessage='Incorrect file descriptor.'
2023-06-18 15:13:34.784+0000 INFO  [o.n.k.d.Database] [system/00000000] Starting transaction log [/var/lib/neo4j/data/transactions/system/neostore.transaction.db.0] at version=0
2023-06-18 15:13:34.800+0000 WARN  [o.n.k.i.t.l.f.c.CheckpointFileChannelNativeAccessor] [system/00000000] Error on attempt to preallocate log file version: 0. Error: ErrorCode=-1, errorMessage='Incorrect file descriptor.'
2023-06-18 15:13:34.807+0000 INFO  [o.n.k.d.Database] [system/00000000] Starting transaction log [/var/lib/neo4j/data/transactions/system/checkpoint.0] at version=0
2023-06-18 15:13:34.818+0000 WARN  [o.n.k.i.t.l.f.c.CheckpointFileChannelNativeAccessor] [system/00000000] Unable to advise sequential access for transaction log version: 0. Error: ErrorCode=-1, errorMessage='Incorrect file descriptor.'
2023-06-18 15:13:34.819+0000 WARN  [o.n.k.i.t.l.f.c.CheckpointFileChannelNativeAccessor] [system/00000000] Unable to advise preserve data in cache for transaction log version: 0. Error: ErrorCode=-1, errorMessage='Incorrect file descriptor.'
2023-06-18 15:13:34.820+0000 INFO  [o.n.k.i.t.l.f.c.CheckpointLogFile] [system/00000000] Scanning log file with version 0 for checkpoint entries
2023-06-18 15:13:34.822+0000 WARN  [o.n.k.i.t.l.f.c.CheckpointFileChannelNativeAccessor] [system/00000000] Unable to evict transaction log from cache with version: 0. Error: ErrorCode=-1, errorMessage='Incorrect file descriptor.'
2023-06-18 15:13:34.825+0000 WARN  [o.n.k.i.t.l.f.LogFileChannelNativeAccessor] [system/00000000] Unable to advise sequential access for transaction log version: 0. Error: ErrorCode=-1, errorMessage='Incorrect file descriptor.'
2023-06-18 15:13:34.826+0000 WARN  [o.n.k.i.t.l.f.LogFileChannelNativeAccessor] [system/00000000] Unable to advise preserve data in cache for transaction log version: 0. Error: ErrorCode=-1, errorMessage='Incorrect file descriptor.'
2023-06-18 15:13:34.828+0000 WARN  [o.n.k.i.t.l.f.LogFileChannelNativeAccessor] [system/00000000] Unable to evict transaction log from cache with version: 0. Error: ErrorCode=-1, errorMessage='Incorrect file descriptor.'
2023-06-18 15:13:34.829+0000 WARN  [o.n.k.i.t.l.f.LogFileChannelNativeAccessor] [system/00000000] Unable to advise sequential access for transaction log version: 0. Error: ErrorCode=-1, errorMessage='Incorrect file descriptor.'
2023-06-18 15:13:34.830+0000 WARN  [o.n.k.i.t.l.f.LogFileChannelNativeAccessor] [system/00000000] Unable to advise preserve data in cache for transaction log version: 0. Error: ErrorCode=-1, errorMessage='Incorrect file descriptor.'
2023-06-18 15:13:34.839+0000 WARN  [o.n.k.i.t.l.f.LogFileChannelNativeAccessor] [system/00000000] Unable to evict transaction log from cache with version: 0. Error: ErrorCode=-1, errorMessage='Incorrect file descriptor.'
2023-06-18 15:13:34.879+0000 INFO  [o.n.k.a.DatabaseAvailabilityGuard] [system/00000000] Fulfilling of requirement 'Database unavailable' makes database system available.
2023-06-18 15:13:34.882+0000 INFO  [o.n.k.a.DatabaseAvailabilityGuard] [system/00000000] DatabaseId{00000000[system]} is ready.
2023-06-18 15:13:35.150+0000 INFO  [o.n.k.i.a.i.IndexPopulationJob] [system/00000000] Index population started: [Index( id=1, name='index_343aff4e', type='LOOKUP', schema=(:<any-labels>), indexProvider='token-lookup-1.0' )]
2023-06-18 15:13:35.242+0000 INFO  [o.n.k.i.a.i.IndexPopulationJob] [system/00000000] Index creation finished for index [Index( id=1, name='index_343aff4e', type='LOOKUP', schema=(:<any-labels>), indexProvider='token-lookup-1.0' )].
2023-06-18 15:13:35.269+0000 INFO  [o.n.k.i.a.i.IndexPopulationJob] [system/00000000] Index population started: [Index( id=2, name='index_f7700477', type='LOOKUP', schema=()-[:<any-types>]-(), indexProvider='token-lookup-1.0' )]
2023-06-18 15:13:35.302+0000 INFO  [o.n.k.i.a.i.IndexPopulationJob] [system/00000000] Index creation finished for index [Index( id=2, name='index_f7700477', type='LOOKUP', schema=()-[:<any-types>]-(), indexProvider='token-lookup-1.0' )].
2023-06-18 15:13:35.465+0000 INFO  [o.n.k.i.a.i.IndexPopulationJob] [system/00000000] Index population started: [Index( id=3, name='constraint_798238d6', type='RANGE', schema=(:DatabaseName {name, namespace}), indexProvider='range-1.0' )]
2023-06-18 15:13:35.516+0000 INFO  [o.n.k.i.a.i.IndexPopulationJob] [system/00000000] Index creation finished for index [Index( id=3, name='constraint_798238d6', type='RANGE', schema=(:DatabaseName {name, namespace}), indexProvider='range-1.0' )].
2023-06-18 15:13:35.542+0000 INFO  [o.n.k.i.a.i.IndexPopulationJob] [system/00000000] Index population started: [Index( id=4, name='constraint_8014b60a', type='RANGE', schema=(:Database {name}), indexProvider='range-1.0' )]
2023-06-18 15:13:35.576+0000 INFO  [o.n.k.i.a.i.IndexPopulationJob] [system/00000000] Index creation finished for index [Index( id=4, name='constraint_8014b60a', type='RANGE', schema=(:Database {name}), indexProvider='range-1.0' )].
2023-06-18 15:13:35.611+0000 INFO  [o.n.k.i.a.i.IndexingService] [system/00000000] Constraint Index( id=3, name='constraint_798238d6', type='RANGE', schema=(:Label[1] {PropertyKey[11], PropertyKey[12]}), indexProvider='range-1.0' ) is ONLINE.
2023-06-18 15:13:35.613+0000 INFO  [o.n.k.i.a.i.IndexingService] [system/00000000] Constraint Index( id=4, name='constraint_8014b60a', type='RANGE', schema=(:Label[2] {PropertyKey[11]}), indexProvider='range-1.0' ) is ONLINE.
2023-06-18 15:13:35.781+0000 INFO  [o.n.k.i.a.i.IndexPopulationJob] [system/00000000] Index population started: [Index( id=7, name='constraint_5789ae3', type='RANGE', schema=(:User {name}), indexProvider='range-1.0' )]
2023-06-18 15:13:35.813+0000 INFO  [o.n.k.i.a.i.IndexPopulationJob] [system/00000000] Index creation finished for index [Index( id=7, name='constraint_5789ae3', type='RANGE', schema=(:User {name}), indexProvider='range-1.0' )].
2023-06-18 15:13:35.850+0000 INFO  [o.n.k.i.a.i.IndexPopulationJob] [system/00000000] Index population started: [Index( id=8, name='constraint_74fad970', type='RANGE', schema=(:User {id}), indexProvider='range-1.0' )]
2023-06-18 15:13:35.881+0000 INFO  [o.n.k.i.a.i.IndexPopulationJob] [system/00000000] Index creation finished for index [Index( id=8, name='constraint_74fad970', type='RANGE', schema=(:User {id}), indexProvider='range-1.0' )].
2023-06-18 15:13:35.913+0000 INFO  [o.n.k.i.a.i.IndexingService] [system/00000000] Constraint Index( id=7, name='constraint_5789ae3', type='RANGE', schema=(:Label[3] {PropertyKey[11]}), indexProvider='range-1.0' ) is ONLINE.
2023-06-18 15:13:35.914+0000 INFO  [o.n.k.i.a.i.IndexingService] [system/00000000] Constraint Index( id=8, name='constraint_74fad970', type='RANGE', schema=(:Label[3] {PropertyKey[25]}), indexProvider='range-1.0' ) is ONLINE.
2023-06-18 15:13:35.916+0000 INFO  [o.n.s.s.s.UserSecurityGraphComponent] Initializing system graph model for component 'security-users' with version -1 and status UNINITIALIZED
2023-06-18 15:13:35.928+0000 INFO  [o.n.s.s.s.UserSecurityGraphComponent] Setting up initial user from `auth.ini` file: neo4j
2023-06-18 15:13:35.930+0000 INFO  [o.n.s.s.a.CommunitySecurityModule] CREATE USER neo4j PASSWORD ****** CHANGE NOT REQUIRED
2023-06-18 15:13:35.955+0000 INFO  [o.n.s.s.s.UserSecurityGraphComponent] Setting version for 'security-users' to 4
2023-06-18 15:13:35.960+0000 INFO  [o.n.s.s.s.UserSecurityGraphComponent] After initialization of system graph model component 'security-users' have version 4 and status CURRENT
2023-06-18 15:13:35.968+0000 INFO  [o.n.s.s.s.UserSecurityGraphComponent] Performing postInitialization step for component 'security-users' with version 4 and status CURRENT
2023-06-18 15:13:35.973+0000 INFO  [o.n.d.d.DatabaseLifecycles] Creating 'DatabaseId{2cb88a1d[neo4j]}'.
2023-06-18 15:13:35.986+0000 INFO  [o.n.d.d.DatabaseLifecycles] Starting 'DatabaseId{2cb88a1d[neo4j]}'.
2023-06-18 15:13:36.016+0000 INFO  [o.n.k.i.s.f.RecordFormatSelector] [neo4j/2cb88a1d] Selected configured format for store /var/lib/neo4j/data/databases/neo4j: RecordFormat:PageAlignedV5_0[aligned-1.1]
2023-06-18 15:13:36.264+0000 INFO  [o.n.i.d.DiagnosticsManager] [neo4j/2cb88a1d] 
                                                                [neo4j/2cb88a1d] ********************************************************************************
                                                                [neo4j/2cb88a1d]                               [ Database: neo4j ]                               
                                                                [neo4j/2cb88a1d] ********************************************************************************
                                                                [neo4j/2cb88a1d] --------------------------------------------------------------------------------
                                                                [neo4j/2cb88a1d]                                   [ Version ]                                   
                                                                [neo4j/2cb88a1d] --------------------------------------------------------------------------------
                                                                [neo4j/2cb88a1d] DBMS: community record-aligned-1.1
                                                                [neo4j/2cb88a1d] Kernel version: 5.3.0
                                                                [neo4j/2cb88a1d] 
                                                                [neo4j/2cb88a1d] --------------------------------------------------------------------------------
                                                                [neo4j/2cb88a1d]                                 [ Store files ]                                 
                                                                [neo4j/2cb88a1d] --------------------------------------------------------------------------------
                                                                [neo4j/2cb88a1d] Disk space on partition (Total / Free / Free %): 245107195904 / 14087950336 / 5
                                                                [neo4j/2cb88a1d] Storage files stored on file store: fuse.grpcfuse
                                                                [neo4j/2cb88a1d] Storage files: (filename : modification date - size)
                                                                [neo4j/2cb88a1d]   neostore: 2023-06-18 15:13:36.200+0000 - 8.000KiB
                                                                [neo4j/2cb88a1d]   neostore.counts.db: 2023-06-18 15:13:36.203+0000 - 0B
                                                                [neo4j/2cb88a1d]   neostore.indexstats.db: 2023-06-18 15:13:36.226+0000 - 0B
                                                                [neo4j/2cb88a1d]   neostore.labeltokenstore.db: 2023-06-18 15:13:36.163+0000 - 0B
                                                                [neo4j/2cb88a1d]   neostore.labeltokenstore.db.id: 2023-06-18 15:13:36.154+0000 - 0B
                                                                [neo4j/2cb88a1d]   neostore.labeltokenstore.db.names: 2023-06-18 15:13:36.146+0000 - 8.000KiB
                                                                [neo4j/2cb88a1d]   neostore.labeltokenstore.db.names.id: 2023-06-18 15:13:36.142+0000 - 0B
                                                                [neo4j/2cb88a1d]   neostore.nodestore.db: 2023-06-18 15:13:36.032+0000 - 0B
                                                                [neo4j/2cb88a1d]   neostore.nodestore.db.id: 2023-06-18 15:13:36.030+0000 - 0B
                                                                [neo4j/2cb88a1d]   neostore.nodestore.db.labels: 2023-06-18 15:13:36.026+0000 - 8.000KiB
                                                                [neo4j/2cb88a1d]   neostore.nodestore.db.labels.id: 2023-06-18 15:13:36.021+0000 - 0B
                                                                [neo4j/2cb88a1d]   neostore.propertystore.db: 2023-06-18 15:13:36.088+0000 - 0B
                                                                [neo4j/2cb88a1d]   neostore.propertystore.db.arrays: 2023-06-18 15:13:36.081+0000 - 8.000KiB
                                                                [neo4j/2cb88a1d]   neostore.propertystore.db.arrays.id: 2023-06-18 15:13:36.077+0000 - 0B
                                                                [neo4j/2cb88a1d]   neostore.propertystore.db.id: 2023-06-18 15:13:36.085+0000 - 0B
                                                                [neo4j/2cb88a1d]   neostore.propertystore.db.index: 2023-06-18 15:13:36.056+0000 - 0B
                                                                [neo4j/2cb88a1d]   neostore.propertystore.db.index.id: 2023-06-18 15:13:36.052+0000 - 0B
                                                                [neo4j/2cb88a1d]   neostore.propertystore.db.index.keys: 2023-06-18 15:13:36.048+0000 - 8.000KiB
                                                                [neo4j/2cb88a1d]   neostore.propertystore.db.index.keys.id: 2023-06-18 15:13:36.037+0000 - 0B
                                                                [neo4j/2cb88a1d]   neostore.propertystore.db.strings: 2023-06-18 15:13:36.073+0000 - 8.000KiB
                                                                [neo4j/2cb88a1d]   neostore.propertystore.db.strings.id: 2023-06-18 15:13:36.063+0000 - 0B
                                                                [neo4j/2cb88a1d]   neostore.relationshipgroupstore.db: 2023-06-18 15:13:36.193+0000 - 8.000KiB
                                                                [neo4j/2cb88a1d]   neostore.relationshipgroupstore.db.id: 2023-06-18 15:13:36.187+0000 - 0B
                                                                [neo4j/2cb88a1d]   neostore.relationshipgroupstore.degrees.db: 2023-06-18 15:13:36.215+0000 - 0B
                                                                [neo4j/2cb88a1d]   neostore.relationshipstore.db: 2023-06-18 15:13:36.102+0000 - 0B
                                                                [neo4j/2cb88a1d]   neostore.relationshipstore.db.id: 2023-06-18 15:13:36.099+0000 - 0B
                                                                [neo4j/2cb88a1d]   neostore.relationshiptypestore.db: 2023-06-18 15:13:36.136+0000 - 0B
                                                                [neo4j/2cb88a1d]   neostore.relationshiptypestore.db.id: 2023-06-18 15:13:36.133+0000 - 0B
                                                                [neo4j/2cb88a1d]   neostore.relationshiptypestore.db.names: 2023-06-18 15:13:36.127+0000 - 8.000KiB
                                                                [neo4j/2cb88a1d]   neostore.relationshiptypestore.db.names.id: 2023-06-18 15:13:36.111+0000 - 0B
                                                                [neo4j/2cb88a1d]   neostore.schemastore.db: 2023-06-18 15:13:36.178+0000 - 8.000KiB
                                                                [neo4j/2cb88a1d]   neostore.schemastore.db.id: 2023-06-18 15:13:36.170+0000 - 0B
                                                                [neo4j/2cb88a1d] Storage summary: 
                                                                [neo4j/2cb88a1d]   Total size of store: 72.00KiB
                                                                [neo4j/2cb88a1d]   Total size of mapped files: 72.00KiB
                                                                [neo4j/2cb88a1d] 
                                                                [neo4j/2cb88a1d] --------------------------------------------------------------------------------
                                                                [neo4j/2cb88a1d]                               [ Transaction log ]                               
                                                                [neo4j/2cb88a1d] --------------------------------------------------------------------------------
                                                                [neo4j/2cb88a1d] Transaction log files stored on file store: fuse.grpcfuse
                                                                [neo4j/2cb88a1d] Transaction log files:
                                                                [neo4j/2cb88a1d]  - existing transaction log versions -1--1
                                                                [neo4j/2cb88a1d]  - no transactions found
                                                                [neo4j/2cb88a1d] Checkpoint log files:
                                                                [neo4j/2cb88a1d]  - existing checkpoint log versions -1--1
                                                                [neo4j/2cb88a1d]  - no checkpoints found
                                                                [neo4j/2cb88a1d] 
                                                                [neo4j/2cb88a1d] --------------------------------------------------------------------------------
                                                                [neo4j/2cb88a1d]                                   [ Id usage ]                                  
                                                                [neo4j/2cb88a1d] --------------------------------------------------------------------------------
                                                                [neo4j/2cb88a1d] ArrayPropertyStore[neostore.nodestore.db.labels]: used=1 high=0
                                                                [neo4j/2cb88a1d] NodeStore[neostore.nodestore.db]: used=0 high=-1
                                                                [neo4j/2cb88a1d] StringPropertyStore[neostore.propertystore.db.index.keys]: used=1 high=0
                                                                [neo4j/2cb88a1d] PropertyIndexStore[neostore.propertystore.db.index]: used=0 high=-1
                                                                [neo4j/2cb88a1d] StringPropertyStore[neostore.propertystore.db.strings]: used=1 high=0
                                                                [neo4j/2cb88a1d] ArrayPropertyStore[neostore.propertystore.db.arrays]: used=1 high=0
                                                                [neo4j/2cb88a1d] PropertyStore[neostore.propertystore.db]: used=0 high=-1
                                                                [neo4j/2cb88a1d] RelationshipStore[neostore.relationshipstore.db]: used=0 high=-1
                                                                [neo4j/2cb88a1d] StringPropertyStore[neostore.relationshiptypestore.db.names]: used=1 high=0
                                                                [neo4j/2cb88a1d] RelationshipTypeStore[neostore.relationshiptypestore.db]: used=0 high=-1
                                                                [neo4j/2cb88a1d] StringPropertyStore[neostore.labeltokenstore.db.names]: used=1 high=0
                                                                [neo4j/2cb88a1d] LabelTokenStore[neostore.labeltokenstore.db]: used=0 high=-1
                                                                [neo4j/2cb88a1d] SchemaStore[neostore.schemastore.db]: used=1 high=0
                                                                [neo4j/2cb88a1d] RelationshipGroupStore[neostore.relationshipgroupstore.db]: used=1 high=0
                                                                [neo4j/2cb88a1d] NeoStore[neostore]: used=-1 high=-1
                                                                [neo4j/2cb88a1d] 
                                                                [neo4j/2cb88a1d] --------------------------------------------------------------------------------
                                                                [neo4j/2cb88a1d]                                   [ Metadata ]                                  
                                                                [neo4j/2cb88a1d] --------------------------------------------------------------------------------
                                                                [neo4j/2cb88a1d] EXTERNAL_STORE_UUID (Database identifier exposed as external store identity. Generated on creation and never updated): 2f062a27-3937-436d-9253-fb2fa0bd2551
                                                                [neo4j/2cb88a1d] DATABASE_ID (The last used DatabaseId for this database): null
                                                                [neo4j/2cb88a1d] LEGACY_STORE_VERSION (Legacy store format version. This field is used from 5.0 onwards only to distinguish non-migrated pre 5.0 metadata stores.): -3523014627327384477
                                                                [neo4j/2cb88a1d] STORE_ID (Store ID): StoreId{creationTime=1687101216200, random=-7071859426378596318, storageEngineName='record', formatName='aligned', majorVersion=1, minorVersion=1}
                                                                [neo4j/2cb88a1d] 
2023-06-18 15:13:36.279+0000 INFO  [o.n.k.a.DatabaseAvailabilityGuard] [neo4j/2cb88a1d] Requirement `Database unavailable` makes database neo4j unavailable.
2023-06-18 15:13:36.280+0000 INFO  [o.n.k.a.DatabaseAvailabilityGuard] [neo4j/2cb88a1d] DatabaseId{2cb88a1d[neo4j]} is unavailable.
2023-06-18 15:13:36.292+0000 WARN  [o.n.k.i.s.MetaDataStore] [neo4j/2cb88a1d] Missing counts store, rebuilding it.
2023-06-18 15:13:36.293+0000 WARN  [o.n.k.i.s.MetaDataStore] [neo4j/2cb88a1d] Counts store rebuild completed.
2023-06-18 15:13:36.300+0000 WARN  [o.n.k.i.t.l.f.LogFileChannelNativeAccessor] [neo4j/2cb88a1d] Error on attempt to preallocate log file version: 0. Error: ErrorCode=-1, errorMessage='Incorrect file descriptor.'
2023-06-18 15:13:36.303+0000 INFO  [o.n.k.d.Database] [neo4j/2cb88a1d] Starting transaction log [/var/lib/neo4j/data/transactions/neo4j/neostore.transaction.db.0] at version=0
2023-06-18 15:13:36.312+0000 WARN  [o.n.k.i.t.l.f.c.CheckpointFileChannelNativeAccessor] [neo4j/2cb88a1d] Error on attempt to preallocate log file version: 0. Error: ErrorCode=-1, errorMessage='Incorrect file descriptor.'
2023-06-18 15:13:36.314+0000 INFO  [o.n.k.d.Database] [neo4j/2cb88a1d] Starting transaction log [/var/lib/neo4j/data/transactions/neo4j/checkpoint.0] at version=0
2023-06-18 15:13:36.320+0000 WARN  [o.n.k.i.t.l.f.c.CheckpointFileChannelNativeAccessor] [neo4j/2cb88a1d] Unable to advise sequential access for transaction log version: 0. Error: ErrorCode=-1, errorMessage='Incorrect file descriptor.'
2023-06-18 15:13:36.321+0000 WARN  [o.n.k.i.t.l.f.c.CheckpointFileChannelNativeAccessor] [neo4j/2cb88a1d] Unable to advise preserve data in cache for transaction log version: 0. Error: ErrorCode=-1, errorMessage='Incorrect file descriptor.'
2023-06-18 15:13:36.322+0000 INFO  [o.n.k.i.t.l.f.c.CheckpointLogFile] [neo4j/2cb88a1d] Scanning log file with version 0 for checkpoint entries
2023-06-18 15:13:36.323+0000 WARN  [o.n.k.i.t.l.f.c.CheckpointFileChannelNativeAccessor] [neo4j/2cb88a1d] Unable to evict transaction log from cache with version: 0. Error: ErrorCode=-1, errorMessage='Incorrect file descriptor.'
2023-06-18 15:13:36.325+0000 WARN  [o.n.k.i.t.l.f.LogFileChannelNativeAccessor] [neo4j/2cb88a1d] Unable to advise sequential access for transaction log version: 0. Error: ErrorCode=-1, errorMessage='Incorrect file descriptor.'
2023-06-18 15:13:36.326+0000 WARN  [o.n.k.i.t.l.f.LogFileChannelNativeAccessor] [neo4j/2cb88a1d] Unable to advise preserve data in cache for transaction log version: 0. Error: ErrorCode=-1, errorMessage='Incorrect file descriptor.'
2023-06-18 15:13:36.326+0000 WARN  [o.n.k.i.t.l.f.LogFileChannelNativeAccessor] [neo4j/2cb88a1d] Unable to evict transaction log from cache with version: 0. Error: ErrorCode=-1, errorMessage='Incorrect file descriptor.'
2023-06-18 15:13:36.335+0000 WARN  [o.n.k.i.t.l.f.LogFileChannelNativeAccessor] [neo4j/2cb88a1d] Unable to advise sequential access for transaction log version: 0. Error: ErrorCode=-1, errorMessage='Incorrect file descriptor.'
2023-06-18 15:13:36.336+0000 WARN  [o.n.k.i.t.l.f.LogFileChannelNativeAccessor] [neo4j/2cb88a1d] Unable to advise preserve data in cache for transaction log version: 0. Error: ErrorCode=-1, errorMessage='Incorrect file descriptor.'
2023-06-18 15:13:36.338+0000 WARN  [o.n.k.i.t.l.f.LogFileChannelNativeAccessor] [neo4j/2cb88a1d] Unable to evict transaction log from cache with version: 0. Error: ErrorCode=-1, errorMessage='Incorrect file descriptor.'
2023-06-18 15:13:36.343+0000 INFO  [o.n.k.a.DatabaseAvailabilityGuard] [neo4j/2cb88a1d] Fulfilling of requirement 'Database unavailable' makes database neo4j available.
2023-06-18 15:13:36.344+0000 INFO  [o.n.k.a.DatabaseAvailabilityGuard] [neo4j/2cb88a1d] DatabaseId{2cb88a1d[neo4j]} is ready.
2023-06-18 15:13:36.350+0000 INFO  [o.n.k.i.a.i.IndexPopulationJob] [neo4j/2cb88a1d] Index population started: [Index( id=1, name='index_343aff4e', type='LOOKUP', schema=(:<any-labels>), indexProvider='token-lookup-1.0' )]
2023-06-18 15:13:36.408+0000 INFO  [o.n.k.i.a.i.IndexPopulationJob] [neo4j/2cb88a1d] Index creation finished for index [Index( id=1, name='index_343aff4e', type='LOOKUP', schema=(:<any-labels>), indexProvider='token-lookup-1.0' )].
2023-06-18 15:13:36.423+0000 INFO  [o.n.k.i.a.i.IndexPopulationJob] [neo4j/2cb88a1d] Index population started: [Index( id=2, name='index_f7700477', type='LOOKUP', schema=()-[:<any-types>]-(), indexProvider='token-lookup-1.0' )]
2023-06-18 15:13:36.451+0000 INFO  [o.n.k.i.a.i.IndexPopulationJob] [neo4j/2cb88a1d] Index creation finished for index [Index( id=2, name='index_f7700477', type='LOOKUP', schema=()-[:<any-types>]-(), indexProvider='token-lookup-1.0' )].
2023-06-18 15:13:36.517+0000 INFO  [o.n.b.p.c.c.n.SocketNettyConnector] Bolt enabled on 0.0.0.0:7687.
2023-06-18 15:13:36.519+0000 INFO  [o.n.b.BoltServer] Bolt server started
2023-06-18 15:13:36.522+0000 INFO  [o.n.s.A.ServerComponentsLifecycleAdapter] Starting web server
2023-06-18 15:13:37.712+0000 INFO  [o.n.s.CommunityNeoWebServer] Remote interface available at http://localhost:7474/
2023-06-18 15:13:37.717+0000 INFO  [o.n.s.A.ServerComponentsLifecycleAdapter] Web server started.
2023-06-18 15:13:37.733+0000 INFO  [o.n.g.f.DatabaseManagementServiceFactory] id: 9506695CA3F2D489A4FAF9A39776493528994D576829E7900023893B0C7FCEFC
2023-06-18 15:13:37.736+0000 INFO  [o.n.g.f.DatabaseManagementServiceFactory] name: system
2023-06-18 15:13:37.740+0000 INFO  [o.n.g.f.DatabaseManagementServiceFactory] creationDate: 2023-06-18T15:13:34.494Z
2023-06-18 15:16:06.225+0000 INFO  [o.n.g.f.DatabaseManagementServiceFactory] Shutdown started
2023-06-18 15:16:06.330+0000 INFO  [o.n.b.BoltServer] Requested Bolt server shutdown
2023-06-18 15:16:06.336+0000 INFO  [o.n.b.p.c.c.ConnectionRegistry] Stopping remaining idle connections for connector bolt
2023-06-18 15:16:06.339+0000 INFO  [o.n.b.p.c.c.ConnectionRegistry] Stopped 0 idling connections for connector bolt
2023-06-18 15:16:06.357+0000 INFO  [o.n.d.d.DatabaseLifecycles] Stopping 'DatabaseId{2cb88a1d[neo4j]}'.
2023-06-18 15:16:06.361+0000 INFO  [o.n.k.a.DatabaseAvailabilityGuard] [neo4j/2cb88a1d] Requirement `Database unavailable` makes database neo4j unavailable.
2023-06-18 15:16:06.363+0000 INFO  [o.n.k.a.DatabaseAvailabilityGuard] [neo4j/2cb88a1d] DatabaseId{2cb88a1d[neo4j]} is unavailable.
2023-06-18 15:16:06.367+0000 INFO  [o.n.k.d.Database] [neo4j/2cb88a1d] Waiting for closing transactions.
2023-06-18 15:16:06.372+0000 INFO  [o.n.k.d.Database] [neo4j/2cb88a1d] All transactions are closed.
2023-06-18 15:16:06.377+0000 INFO  [o.n.k.i.t.l.c.CheckPointerImpl] [neo4j/2cb88a1d] Checkpoint triggered by "Database shutdown" @ txId: 3 checkpoint started...
2023-06-18 15:16:06.680+0000 INFO  [o.n.k.i.t.l.c.CheckPointerImpl] [neo4j/2cb88a1d] Checkpoint triggered by "Database shutdown" @ txId: 3 checkpoint completed in 299ms. Checkpoint flushed 74 pages (0% of total available pages), in 57 IOs. Checkpoint performed with IO limit: unlimited, paused in total 0 times( 0 millis).
2023-06-18 15:16:06.683+0000 INFO  [o.n.k.i.t.l.p.LogPruningImpl] [neo4j/2cb88a1d] No log version pruned. The strategy used was '104857600 size'. 
2023-06-18 15:16:06.743+0000 WARN  [o.n.k.i.t.l.f.c.CheckpointFileChannelNativeAccessor] [neo4j/2cb88a1d] Unable to evict transaction log from cache with version: 0. Error: ErrorCode=-1, errorMessage='Incorrect file descriptor.'
2023-06-18 15:16:06.746+0000 WARN  [o.n.k.i.t.l.f.LogFileChannelNativeAccessor] [neo4j/2cb88a1d] Unable to evict transaction log from cache with version: 0. Error: ErrorCode=-1, errorMessage='Incorrect file descriptor.'
2023-06-18 15:16:06.819+0000 INFO  [o.n.d.d.DatabaseLifecycles] Stopped 'DatabaseId{2cb88a1d[neo4j]}' successfully.
2023-06-18 15:16:06.821+0000 INFO  [o.n.d.d.DatabaseLifecycles] Stopping 'DatabaseId{00000000[system]}'.
2023-06-18 15:16:06.822+0000 INFO  [o.n.k.a.DatabaseAvailabilityGuard] [system/00000000] Requirement `Database unavailable` makes database system unavailable.
2023-06-18 15:16:06.824+0000 INFO  [o.n.k.a.DatabaseAvailabilityGuard] [system/00000000] DatabaseId{00000000[system]} is unavailable.
2023-06-18 15:16:06.829+0000 INFO  [o.n.k.d.Database] [system/00000000] Waiting for closing transactions.
2023-06-18 15:16:06.830+0000 INFO  [o.n.k.d.Database] [system/00000000] All transactions are closed.
2023-06-18 15:16:06.831+0000 INFO  [o.n.k.i.t.l.c.CheckPointerImpl] [system/00000000] Checkpoint triggered by "Database shutdown" @ txId: 36 checkpoint started...
2023-06-18 15:16:07.282+0000 INFO  [o.n.k.i.t.l.c.CheckPointerImpl] [system/00000000] Checkpoint triggered by "Database shutdown" @ txId: 36 checkpoint completed in 448ms. Checkpoint flushed 103 pages (0% of total available pages), in 86 IOs. Checkpoint performed with IO limit: unlimited, paused in total 0 times( 0 millis).
2023-06-18 15:16:07.283+0000 INFO  [o.n.k.i.t.l.p.LogPruningImpl] [system/00000000] No log version pruned. The strategy used was '104857600 size'. 
2023-06-18 15:16:07.357+0000 WARN  [o.n.k.i.t.l.f.c.CheckpointFileChannelNativeAccessor] [system/00000000] Unable to evict transaction log from cache with version: 0. Error: ErrorCode=-1, errorMessage='Incorrect file descriptor.'
2023-06-18 15:16:07.359+0000 WARN  [o.n.k.i.t.l.f.LogFileChannelNativeAccessor] [system/00000000] Unable to evict transaction log from cache with version: 0. Error: ErrorCode=-1, errorMessage='Incorrect file descriptor.'
2023-06-18 15:16:07.445+0000 INFO  [o.n.d.d.DatabaseLifecycles] Stopped 'DatabaseId{00000000[system]}' successfully.
2023-06-18 15:16:07.463+0000 INFO  [o.n.b.BoltServer] Shutting down Bolt server
2023-06-18 15:16:07.465+0000 INFO  [o.n.b.p.c.c.ConnectionRegistry] Stopping 0 connections for connector bolt
2023-06-18 15:16:07.466+0000 INFO  [o.n.b.p.c.c.ConnectionRegistry] Stopped all remaining connections for connector bolt
2023-06-18 15:16:12.518+0000 INFO  [o.n.b.BoltServer] Bolt server has been shut down
