2023-01-24 20:50:13.328+0000 INFO  Starting...
2023-01-24 20:50:13.648+0000 INFO  This instance is ServerId{608a64e6} (608a64e6-2dbf-4eaa-b1a5-0b3871e0e5db)
2023-01-24 20:50:14.188+0000 INFO  ======== Neo4j 5.3.0 ========
2023-01-24 20:50:16.983+0000 INFO  Bolt enabled on 0.0.0.0:7687.
2023-01-24 20:50:17.493+0000 INFO  Remote interface available at http://localhost:7474/
2023-01-24 20:50:17.501+0000 INFO  id: 772E004049F0DD3B072EF4B70B56C7F3647EFD28CB4E44396F78FC9A35CBF8A3
2023-01-24 20:50:17.502+0000 INFO  name: system
2023-01-24 20:50:17.504+0000 INFO  creationDate: 2023-01-24T20:50:14.781Z
2023-01-24 20:50:17.509+0000 INFO  Started.
2023-01-24 20:50:54.965+0000 WARN  The client is unauthorized due to authentication failure.
2023-01-24 20:50:55.028+0000 WARN  The client is unauthorized due to authentication failure.
2023-01-24 20:50:55.058+0000 WARN  The client is unauthorized due to authentication failure.
2023-01-24 20:50:55.106+0000 WARN  The client has provided incorrect authentication details too many times in a row.
2023-01-24 20:57:29.307+0000 INFO  Starting...
2023-01-24 20:57:29.571+0000 INFO  This instance is ServerId{608a64e6} (608a64e6-2dbf-4eaa-b1a5-0b3871e0e5db)
2023-01-24 20:57:30.057+0000 INFO  ======== Neo4j 5.3.0 ========
2023-01-24 20:57:33.130+0000 INFO  Bolt enabled on 0.0.0.0:7687.
2023-01-24 20:57:33.612+0000 INFO  Remote interface available at http://localhost:7474/
2023-01-24 20:57:33.619+0000 INFO  id: 772E004049F0DD3B072EF4B70B56C7F3647EFD28CB4E44396F78FC9A35CBF8A3
2023-01-24 20:57:33.621+0000 INFO  name: system
2023-01-24 20:57:33.623+0000 INFO  creationDate: 2023-01-24T20:50:14.781Z
2023-01-24 20:57:33.625+0000 INFO  Started.
2023-01-24 21:02:17.411+0000 INFO  Neo4j Server shutdown initiated by request
2023-01-24 21:02:17.420+0000 INFO  Stopping...
2023-01-24 21:02:22.601+0000 INFO  Stopped.
